[debug] [2020-03-02T13:33:10.616Z] ----------------------------------------------------------------------
[debug] [2020-03-02T13:33:10.618Z] Command:       /usr/bin/node /usr/bin/firebase emulators:start
[debug] [2020-03-02T13:33:10.618Z] CLI Version:   7.12.1
[debug] [2020-03-02T13:33:10.618Z] Platform:      linux
[debug] [2020-03-02T13:33:10.618Z] Node Version:  v12.16.1
[debug] [2020-03-02T13:33:10.619Z] Time:          Mon Mar 02 2020 15:33:10 GMT+0200 (GMT+02:00)
[debug] [2020-03-02T13:33:10.619Z] ----------------------------------------------------------------------
[debug] [2020-03-02T13:33:10.619Z] 
[debug] [2020-03-02T13:33:10.624Z] > command requires scopes: ["email","openid","https://www.googleapis.com/auth/cloudplatformprojects.readonly","https://www.googleapis.com/auth/firebase","https://www.googleapis.com/auth/cloud-platform"]
[debug] [2020-03-02T13:33:10.625Z] > authorizing via signed-in user
[info] i  emulators: Starting emulators: functions
[warn] ⚠  Your requested "node" version "8" doesn't match your global version "12"
[info] ✔  functions: Emulator started at http://localhost:5001
[info] i  functions: Watching "/home/magr0s/dev/manychat-tools/functions" for Cloud Functions...
[debug] [2020-03-02T13:33:10.987Z] [worker-pool] addWorker(~diagnostic~)
[debug] [2020-03-02T13:33:10.987Z] [worker-pool] Adding worker with key ~diagnostic~, total=1
[debug] [2020-03-02T13:33:10.987Z] [worker-pool] submitWork(triggerId=)
[debug] [2020-03-02T13:33:10.988Z] [worker-~diagnostic~-5519091c-ee27-4108-9172-047ef3d6cedd]: Assigning socketPath: /tmp/fire_emu_3739.sock
[debug] [2020-03-02T13:33:10.989Z] [worker-~diagnostic~-5519091c-ee27-4108-9172-047ef3d6cedd]: BUSY
[debug] [2020-03-02T13:33:11.326Z] [runtime-status] [3739] Functions runtime initialized. {"cwd":"/home/magr0s/dev/manychat-tools/functions","node_version":"12.16.1"}
[debug] [2020-03-02T13:33:11.327Z] [runtime-status] [3739] Disabled runtime features: undefined
[debug] [2020-03-02T13:33:11.334Z] [runtime-status] [3739] Resolved module firebase-admin {"declared":true,"installed":true,"version":"8.9.2","resolution":"/home/magr0s/dev/manychat-tools/functions/node_modules/firebase-admin/lib/index.js"}
[debug] [2020-03-02T13:33:11.336Z] [runtime-status] [3739] Resolved module firebase-functions {"declared":true,"installed":true,"version":"3.3.0","resolution":"/home/magr0s/dev/manychat-tools/functions/node_modules/firebase-functions/lib/index.js"}
[debug] [2020-03-02T13:33:11.533Z] [runtime-status] [3739] Found google-gax at /home/magr0s/dev/manychat-tools/functions/node_modules/google-gax/build/src/index.js
[debug] [2020-03-02T13:33:11.533Z] [runtime-status] [3739] Outgoing network have been stubbed. [{"name":"http","status":"mocked"},{"name":"http","status":"mocked"},{"name":"https","status":"mocked"},{"name":"https","status":"mocked"},{"name":"net","status":"mocked"},{"name":"google-gax","status":"mocked"}]
[debug] [2020-03-02T13:33:11.578Z] [runtime-status] [3739] Checked functions.config() {"config":{}}
[debug] [2020-03-02T13:33:11.579Z] [runtime-status] [3739] Resolved module firebase-functions {"declared":true,"installed":true,"version":"3.3.0","resolution":"/home/magr0s/dev/manychat-tools/functions/node_modules/firebase-functions/lib/index.js"}
[debug] [2020-03-02T13:33:11.580Z] [runtime-status] [3739] Resolved module firebase-admin {"declared":true,"installed":true,"version":"8.9.2","resolution":"/home/magr0s/dev/manychat-tools/functions/node_modules/firebase-admin/lib/index.js"}
[debug] [2020-03-02T13:33:11.580Z] [runtime-status] [3739] Resolved module firebase-functions {"declared":true,"installed":true,"version":"3.3.0","resolution":"/home/magr0s/dev/manychat-tools/functions/node_modules/firebase-functions/lib/index.js"}
[debug] [2020-03-02T13:33:11.613Z] [runtime-status] [3739] firebase-admin has been stubbed. {"adminResolution":{"declared":true,"installed":true,"version":"8.9.2","resolution":"/home/magr0s/dev/manychat-tools/functions/node_modules/firebase-admin/lib/index.js"}}
[info] ✔  functions[helloWorld]: http function initialized (http://localhost:5001/manychattools/us-central1/helloWorld).
[info] ✔  All emulators started, it is now safe to connect.
[debug] [2020-03-02T13:33:11.855Z] [worker-~diagnostic~-5519091c-ee27-4108-9172-047ef3d6cedd]: IDLE
[debug] [2020-03-02T13:33:29.691Z] File /home/magr0s/dev/manychat-tools/functions/index.js changed, reloading triggers
[debug] [2020-03-02T13:33:30.692Z] [worker-pool] Shutting down IDLE worker (~diagnostic~)
[debug] [2020-03-02T13:33:30.692Z] [worker-~diagnostic~-5519091c-ee27-4108-9172-047ef3d6cedd]: FINISHING
[debug] [2020-03-02T13:33:30.702Z] [worker-pool] addWorker(~diagnostic~)
[debug] [2020-03-02T13:33:30.702Z] [worker-pool] Adding worker with key ~diagnostic~, total=2
[debug] [2020-03-02T13:33:30.702Z] [worker-pool] submitWork(triggerId=)
[debug] [2020-03-02T13:33:30.702Z] [worker-~diagnostic~-463a6e63-1aca-4b5e-bcae-36cecdc9ffc4]: Assigning socketPath: /tmp/fire_emu_3757.sock
[debug] [2020-03-02T13:33:30.703Z] [worker-~diagnostic~-463a6e63-1aca-4b5e-bcae-36cecdc9ffc4]: BUSY
[debug] [2020-03-02T13:33:30.705Z] [worker-~diagnostic~-5519091c-ee27-4108-9172-047ef3d6cedd]: exited
[debug] [2020-03-02T13:33:30.705Z] [worker-~diagnostic~-5519091c-ee27-4108-9172-047ef3d6cedd]: FINISHED
[debug] [2020-03-02T13:33:30.965Z] [runtime-status] [3757] Functions runtime initialized. {"cwd":"/home/magr0s/dev/manychat-tools/functions","node_version":"12.16.1"}
[debug] [2020-03-02T13:33:30.967Z] [runtime-status] [3757] Disabled runtime features: undefined
[debug] [2020-03-02T13:33:30.969Z] [runtime-status] [3757] Resolved module firebase-admin {"declared":true,"installed":true,"version":"8.9.2","resolution":"/home/magr0s/dev/manychat-tools/functions/node_modules/firebase-admin/lib/index.js"}
[debug] [2020-03-02T13:33:30.970Z] [runtime-status] [3757] Resolved module firebase-functions {"declared":true,"installed":true,"version":"3.3.0","resolution":"/home/magr0s/dev/manychat-tools/functions/node_modules/firebase-functions/lib/index.js"}
[debug] [2020-03-02T13:33:31.135Z] [runtime-status] [3757] Found google-gax at /home/magr0s/dev/manychat-tools/functions/node_modules/google-gax/build/src/index.js
[debug] [2020-03-02T13:33:31.136Z] [runtime-status] [3757] Outgoing network have been stubbed. [{"name":"http","status":"mocked"},{"name":"http","status":"mocked"},{"name":"https","status":"mocked"},{"name":"https","status":"mocked"},{"name":"net","status":"mocked"},{"name":"google-gax","status":"mocked"}]
[debug] [2020-03-02T13:33:31.180Z] [runtime-status] [3757] Checked functions.config() {"config":{}}
[debug] [2020-03-02T13:33:31.181Z] [runtime-status] [3757] Resolved module firebase-functions {"declared":true,"installed":true,"version":"3.3.0","resolution":"/home/magr0s/dev/manychat-tools/functions/node_modules/firebase-functions/lib/index.js"}
[debug] [2020-03-02T13:33:31.182Z] [runtime-status] [3757] Resolved module firebase-admin {"declared":true,"installed":true,"version":"8.9.2","resolution":"/home/magr0s/dev/manychat-tools/functions/node_modules/firebase-admin/lib/index.js"}
[debug] [2020-03-02T13:33:31.183Z] [runtime-status] [3757] Resolved module firebase-functions {"declared":true,"installed":true,"version":"3.3.0","resolution":"/home/magr0s/dev/manychat-tools/functions/node_modules/firebase-functions/lib/index.js"}
[debug] [2020-03-02T13:33:31.213Z] [runtime-status] [3757] firebase-admin has been stubbed. {"adminResolution":{"declared":true,"installed":true,"version":"8.9.2","resolution":"/home/magr0s/dev/manychat-tools/functions/node_modules/firebase-admin/lib/index.js"}}
[info] ✔  functions[api]: http function initialized (http://localhost:5001/manychattools/us-central1/api).
[debug] [2020-03-02T13:33:31.434Z] [worker-~diagnostic~-463a6e63-1aca-4b5e-bcae-36cecdc9ffc4]: IDLE
[debug] [2020-03-02T13:33:38.941Z] [work-queue] {"queueLength":1,"workRunningCount":0}
[debug] [2020-03-02T13:33:38.941Z] [work-queue] {"queueLength":0,"workRunningCount":1}
[debug] [2020-03-02T13:33:38.942Z] Accepted request GET /manychattools/us-central1/api --> api
[debug] [2020-03-02T13:33:38.942Z] [worker-pool] Cleaned up workers for ~diagnostic~: 2 --> 1
[debug] [2020-03-02T13:33:38.952Z] [worker-pool] addWorker(api)
[debug] [2020-03-02T13:33:38.953Z] [worker-pool] Adding worker with key api, total=1
[debug] [2020-03-02T13:33:38.953Z] [worker-pool] submitWork(triggerId=api)
[debug] [2020-03-02T13:33:38.953Z] [worker-api-cb5b6e4c-1f6f-4f3a-a204-c568a995feed]: Assigning socketPath: /tmp/fire_emu_3840.sock
[debug] [2020-03-02T13:33:38.953Z] [worker-api-cb5b6e4c-1f6f-4f3a-a204-c568a995feed]: BUSY
[debug] [2020-03-02T13:33:39.374Z] [runtime-status] [3840] Functions runtime initialized. {"cwd":"/home/magr0s/dev/manychat-tools/functions","node_version":"12.16.1"}
[debug] [2020-03-02T13:33:39.376Z] [runtime-status] [3840] Disabled runtime features: undefined
[debug] [2020-03-02T13:33:39.379Z] [runtime-status] [3840] Resolved module firebase-admin {"declared":true,"installed":true,"version":"8.9.2","resolution":"/home/magr0s/dev/manychat-tools/functions/node_modules/firebase-admin/lib/index.js"}
[debug] [2020-03-02T13:33:39.381Z] [runtime-status] [3840] Resolved module firebase-functions {"declared":true,"installed":true,"version":"3.3.0","resolution":"/home/magr0s/dev/manychat-tools/functions/node_modules/firebase-functions/lib/index.js"}
[debug] [2020-03-02T13:33:39.649Z] [runtime-status] [3840] Found google-gax at /home/magr0s/dev/manychat-tools/functions/node_modules/google-gax/build/src/index.js
[debug] [2020-03-02T13:33:39.649Z] [runtime-status] [3840] Outgoing network have been stubbed. [{"name":"http","status":"mocked"},{"name":"http","status":"mocked"},{"name":"https","status":"mocked"},{"name":"https","status":"mocked"},{"name":"net","status":"mocked"},{"name":"google-gax","status":"mocked"}]
[debug] [2020-03-02T13:33:39.713Z] [runtime-status] [3840] Checked functions.config() {"config":{}}
[debug] [2020-03-02T13:33:39.714Z] [runtime-status] [3840] Resolved module firebase-functions {"declared":true,"installed":true,"version":"3.3.0","resolution":"/home/magr0s/dev/manychat-tools/functions/node_modules/firebase-functions/lib/index.js"}
[debug] [2020-03-02T13:33:39.715Z] [runtime-status] [3840] Resolved module firebase-admin {"declared":true,"installed":true,"version":"8.9.2","resolution":"/home/magr0s/dev/manychat-tools/functions/node_modules/firebase-admin/lib/index.js"}
[debug] [2020-03-02T13:33:39.715Z] [runtime-status] [3840] Resolved module firebase-functions {"declared":true,"installed":true,"version":"3.3.0","resolution":"/home/magr0s/dev/manychat-tools/functions/node_modules/firebase-functions/lib/index.js"}
[debug] [2020-03-02T13:33:39.762Z] [runtime-status] [3840] firebase-admin has been stubbed. {"adminResolution":{"declared":true,"installed":true,"version":"8.9.2","resolution":"/home/magr0s/dev/manychat-tools/functions/node_modules/firebase-admin/lib/index.js"}}
[debug] [2020-03-02T13:33:40.020Z] [runtime-status] [3840] Trigger "api" has been found, beginning invocation!
[info] i  functions: Beginning execution of "api"
[debug] [2020-03-02T13:33:40.021Z] [runtime-status] [3840] triggerDefinition {"httpsTrigger":{},"name":"api","entryPoint":"api"}
[debug] [2020-03-02T13:33:40.021Z] [runtime-status] [3840] Running api in mode HTTPS
[debug] [2020-03-02T13:33:40.031Z] [runtime-status] [3840] Attempting to listen to socketPath: /tmp/fire_emu_3840.sock
[debug] [2020-03-02T13:33:40.034Z] [functions] Runtime ready! Sending request!
[debug] [2020-03-02T13:33:40.053Z] [runtime-status] [3840] Ephemeral server handling GET request
[debug] [2020-03-02T13:33:40.070Z] [runtime-status] [3840] Ephemeral server survived.
[info] i  functions: Finished "api" in ~1s
[debug] [2020-03-02T13:33:40.076Z] [worker-api-cb5b6e4c-1f6f-4f3a-a204-c568a995feed]: IDLE
[debug] [2020-03-02T13:33:40.077Z] [work-queue] {"queueLength":0,"workRunningCount":0}
[debug] [2020-03-02T13:33:45.618Z] [work-queue] {"queueLength":1,"workRunningCount":0}
[debug] [2020-03-02T13:33:45.619Z] [work-queue] {"queueLength":0,"workRunningCount":1}
[debug] [2020-03-02T13:33:45.619Z] Accepted request GET /manychattools/us-central1/api/v1/subscriber/getInfo --> api
[debug] [2020-03-02T13:33:45.619Z] [worker-pool] submitWork(triggerId=api)
[debug] [2020-03-02T13:33:45.619Z] [worker-api-cb5b6e4c-1f6f-4f3a-a204-c568a995feed]: Assigning socketPath: /tmp/fire_emu_3840.sock
[debug] [2020-03-02T13:33:45.619Z] [worker-api-cb5b6e4c-1f6f-4f3a-a204-c568a995feed]: BUSY
[debug] [2020-03-02T13:33:45.620Z] [runtime-status] [3840] Trigger "api" has been found, beginning invocation!
[info] i  functions: Beginning execution of "api"
[debug] [2020-03-02T13:33:45.621Z] [runtime-status] [3840] triggerDefinition {"httpsTrigger":{},"name":"api","entryPoint":"api"}
[debug] [2020-03-02T13:33:45.621Z] [runtime-status] [3840] Running api in mode HTTPS
[debug] [2020-03-02T13:33:45.622Z] [runtime-status] [3840] Attempting to listen to socketPath: /tmp/fire_emu_3840.sock
[debug] [2020-03-02T13:33:45.624Z] [functions] Runtime ready! Sending request!
[debug] [2020-03-02T13:33:45.628Z] [runtime-status] [3840] Ephemeral server handling GET request
[debug] [2020-03-02T13:33:45.631Z] [runtime-status] [3840] Ephemeral server survived.
[info] i  functions: Finished "api" in ~1s
[debug] [2020-03-02T13:33:45.632Z] [worker-api-cb5b6e4c-1f6f-4f3a-a204-c568a995feed]: IDLE
[debug] [2020-03-02T13:33:45.632Z] [work-queue] {"queueLength":0,"workRunningCount":0}
[debug] [2020-03-02T13:33:53.519Z] [work-queue] {"queueLength":1,"workRunningCount":0}
[debug] [2020-03-02T13:33:53.519Z] [work-queue] {"queueLength":0,"workRunningCount":1}
[debug] [2020-03-02T13:33:53.520Z] Accepted request GET /manychattools/us-central1/api/v1/subscriber/get-info --> api
[debug] [2020-03-02T13:33:53.520Z] [worker-pool] submitWork(triggerId=api)
[debug] [2020-03-02T13:33:53.520Z] [worker-api-cb5b6e4c-1f6f-4f3a-a204-c568a995feed]: Assigning socketPath: /tmp/fire_emu_3840.sock
[debug] [2020-03-02T13:33:53.520Z] [worker-api-cb5b6e4c-1f6f-4f3a-a204-c568a995feed]: BUSY
[debug] [2020-03-02T13:33:53.521Z] [runtime-status] [3840] Trigger "api" has been found, beginning invocation!
[info] i  functions: Beginning execution of "api"
[debug] [2020-03-02T13:33:53.522Z] [runtime-status] [3840] triggerDefinition {"httpsTrigger":{},"name":"api","entryPoint":"api"}
[debug] [2020-03-02T13:33:53.522Z] [runtime-status] [3840] Running api in mode HTTPS
[debug] [2020-03-02T13:33:53.522Z] [runtime-status] [3840] Attempting to listen to socketPath: /tmp/fire_emu_3840.sock
[debug] [2020-03-02T13:33:53.524Z] [functions] Runtime ready! Sending request!
[debug] [2020-03-02T13:33:53.532Z] [runtime-status] [3840] Ephemeral server handling GET request
[debug] [2020-03-02T13:33:53.532Z] [runtime-status] [3840] Ephemeral server survived.
[info] i  functions: Finished "api" in ~1s
[debug] [2020-03-02T13:33:53.536Z] [worker-api-cb5b6e4c-1f6f-4f3a-a204-c568a995feed]: IDLE
[debug] [2020-03-02T13:33:53.536Z] [work-queue] {"queueLength":0,"workRunningCount":0}
[debug] [2020-03-02T13:34:57.111Z] [work-queue] {"queueLength":1,"workRunningCount":0}
[debug] [2020-03-02T13:34:57.111Z] [work-queue] {"queueLength":0,"workRunningCount":1}
[debug] [2020-03-02T13:34:57.111Z] Accepted request GET /manychattools/us-central1/api/v1/subscriber/get-info --> api
[debug] [2020-03-02T13:34:57.111Z] [worker-pool] submitWork(triggerId=api)
[debug] [2020-03-02T13:34:57.111Z] [worker-api-cb5b6e4c-1f6f-4f3a-a204-c568a995feed]: Assigning socketPath: /tmp/fire_emu_3840.sock
[debug] [2020-03-02T13:34:57.111Z] [worker-api-cb5b6e4c-1f6f-4f3a-a204-c568a995feed]: BUSY
[debug] [2020-03-02T13:34:57.112Z] [runtime-status] [3840] Trigger "api" has been found, beginning invocation!
[info] i  functions: Beginning execution of "api"
[debug] [2020-03-02T13:34:57.113Z] [runtime-status] [3840] triggerDefinition {"httpsTrigger":{},"name":"api","entryPoint":"api"}
[debug] [2020-03-02T13:34:57.113Z] [runtime-status] [3840] Running api in mode HTTPS
[debug] [2020-03-02T13:34:57.114Z] [runtime-status] [3840] Attempting to listen to socketPath: /tmp/fire_emu_3840.sock
[debug] [2020-03-02T13:34:57.115Z] [functions] Runtime ready! Sending request!
[debug] [2020-03-02T13:34:57.122Z] [runtime-status] [3840] Ephemeral server handling GET request
[debug] [2020-03-02T13:34:57.124Z] [runtime-status] [3840] Ephemeral server survived.
[info] i  functions: Finished "api" in ~1s
[debug] [2020-03-02T13:34:57.125Z] [worker-api-cb5b6e4c-1f6f-4f3a-a204-c568a995feed]: IDLE
[debug] [2020-03-02T13:34:57.125Z] [work-queue] {"queueLength":0,"workRunningCount":0}
[debug] [2020-03-02T13:37:38.696Z] File /home/magr0s/dev/manychat-tools/functions/src/config/index.js changed, reloading triggers
[debug] [2020-03-02T13:37:39.697Z] [worker-pool] Shutting down IDLE worker (~diagnostic~)
[debug] [2020-03-02T13:37:39.697Z] [worker-~diagnostic~-463a6e63-1aca-4b5e-bcae-36cecdc9ffc4]: FINISHING
[debug] [2020-03-02T13:37:39.697Z] [worker-pool] Shutting down IDLE worker (api)
[debug] [2020-03-02T13:37:39.698Z] [worker-api-cb5b6e4c-1f6f-4f3a-a204-c568a995feed]: FINISHING
[debug] [2020-03-02T13:37:39.708Z] [worker-pool] addWorker(~diagnostic~)
[debug] [2020-03-02T13:37:39.708Z] [worker-pool] Adding worker with key ~diagnostic~, total=2
[debug] [2020-03-02T13:37:39.708Z] [worker-pool] submitWork(triggerId=)
[debug] [2020-03-02T13:37:39.709Z] [worker-~diagnostic~-1613aaff-4631-4a99-a861-4d5c32ce9593]: Assigning socketPath: /tmp/fire_emu_4058.sock
[debug] [2020-03-02T13:37:39.709Z] [worker-~diagnostic~-1613aaff-4631-4a99-a861-4d5c32ce9593]: BUSY
[debug] [2020-03-02T13:37:39.711Z] [worker-~diagnostic~-463a6e63-1aca-4b5e-bcae-36cecdc9ffc4]: exited
[debug] [2020-03-02T13:37:39.711Z] [worker-~diagnostic~-463a6e63-1aca-4b5e-bcae-36cecdc9ffc4]: FINISHED
[debug] [2020-03-02T13:37:39.711Z] [worker-api-cb5b6e4c-1f6f-4f3a-a204-c568a995feed]: exited
[debug] [2020-03-02T13:37:39.711Z] [worker-api-cb5b6e4c-1f6f-4f3a-a204-c568a995feed]: FINISHED
[debug] [2020-03-02T13:37:39.974Z] [runtime-status] [4058] Functions runtime initialized. {"cwd":"/home/magr0s/dev/manychat-tools/functions","node_version":"12.16.1"}
[debug] [2020-03-02T13:37:39.976Z] [runtime-status] [4058] Disabled runtime features: undefined
[debug] [2020-03-02T13:37:39.978Z] [runtime-status] [4058] Resolved module firebase-admin {"declared":true,"installed":true,"version":"8.9.2","resolution":"/home/magr0s/dev/manychat-tools/functions/node_modules/firebase-admin/lib/index.js"}
[debug] [2020-03-02T13:37:39.979Z] [runtime-status] [4058] Resolved module firebase-functions {"declared":true,"installed":true,"version":"3.3.0","resolution":"/home/magr0s/dev/manychat-tools/functions/node_modules/firebase-functions/lib/index.js"}
[debug] [2020-03-02T13:37:40.148Z] [runtime-status] [4058] Found google-gax at /home/magr0s/dev/manychat-tools/functions/node_modules/google-gax/build/src/index.js
[debug] [2020-03-02T13:37:40.149Z] [runtime-status] [4058] Outgoing network have been stubbed. [{"name":"http","status":"mocked"},{"name":"http","status":"mocked"},{"name":"https","status":"mocked"},{"name":"https","status":"mocked"},{"name":"net","status":"mocked"},{"name":"google-gax","status":"mocked"}]
[debug] [2020-03-02T13:37:40.188Z] [runtime-status] [4058] Checked functions.config() {"config":{}}
[debug] [2020-03-02T13:37:40.189Z] [runtime-status] [4058] Resolved module firebase-functions {"declared":true,"installed":true,"version":"3.3.0","resolution":"/home/magr0s/dev/manychat-tools/functions/node_modules/firebase-functions/lib/index.js"}
[debug] [2020-03-02T13:37:40.190Z] [runtime-status] [4058] Resolved module firebase-admin {"declared":true,"installed":true,"version":"8.9.2","resolution":"/home/magr0s/dev/manychat-tools/functions/node_modules/firebase-admin/lib/index.js"}
[debug] [2020-03-02T13:37:40.190Z] [runtime-status] [4058] Resolved module firebase-functions {"declared":true,"installed":true,"version":"3.3.0","resolution":"/home/magr0s/dev/manychat-tools/functions/node_modules/firebase-functions/lib/index.js"}
[debug] [2020-03-02T13:37:40.225Z] [runtime-status] [4058] firebase-admin has been stubbed. {"adminResolution":{"declared":true,"installed":true,"version":"8.9.2","resolution":"/home/magr0s/dev/manychat-tools/functions/node_modules/firebase-admin/lib/index.js"}}
[warn] ⚠  Error: Cannot find module './manychat.config.json.js'
Require stack:
- /home/magr0s/dev/manychat-tools/functions/src/config/index.js
- /home/magr0s/dev/manychat-tools/functions/src/lib/manychat/manychat.js
- /home/magr0s/dev/manychat-tools/functions/src/lib/manychat/subscriber.js
- /home/magr0s/dev/manychat-tools/functions/src/lib/manychat/index.js
- /home/magr0s/dev/manychat-tools/functions/src/api/v1/subscriber/controller.js
- /home/magr0s/dev/manychat-tools/functions/src/api/v1/subscriber/routes.js
- /home/magr0s/dev/manychat-tools/functions/src/api/v1/routes.js
- /home/magr0s/dev/manychat-tools/functions/src/api/routes.js
- /home/magr0s/dev/manychat-tools/functions/src/server.js
- /home/magr0s/dev/manychat-tools/functions/index.js
- /usr/lib/node_modules/firebase-tools/lib/emulator/functionsEmulatorRuntime.js
    at Function.Module._resolveFilename (internal/modules/cjs/loader.js:982:15)
    at Function.Module._load (internal/modules/cjs/loader.js:864:27)
    at Module.require (internal/modules/cjs/loader.js:1044:19)
    at require (internal/modules/cjs/helpers.js:77:18)
    at Object.<anonymous> (/home/magr0s/dev/manychat-tools/functions/src/config/index.js:1:25)
    at Module._compile (internal/modules/cjs/loader.js:1158:30)
    at Object.Module._extensions..js (internal/modules/cjs/loader.js:1178:10)
    at Module.load (internal/modules/cjs/loader.js:1002:32)
    at Function.Module._load (internal/modules/cjs/loader.js:901:14)
    at Module.require (internal/modules/cjs/loader.js:1044:19)
    at require (internal/modules/cjs/helpers.js:77:18)
    at Object.<anonymous> (/home/magr0s/dev/manychat-tools/functions/src/lib/manychat/manychat.js:2:29)
    at Module._compile (internal/modules/cjs/loader.js:1158:30)
    at Object.Module._extensions..js (internal/modules/cjs/loader.js:1178:10)
    at Module.load (internal/modules/cjs/loader.js:1002:32)
    at Function.Module._load (internal/modules/cjs/loader.js:901:14)
    at Module.require (internal/modules/cjs/loader.js:1044:19)
    at require (internal/modules/cjs/helpers.js:77:18)
    at Object.<anonymous> (/home/magr0s/dev/manychat-tools/functions/src/lib/manychat/subscriber.js:1:18)
    at Module._compile (internal/modules/cjs/loader.js:1158:30)
    at Object.Module._extensions..js (internal/modules/cjs/loader.js:1178:10)
    at Module.load (internal/modules/cjs/loader.js:1002:32)
[warn] ⚠  We were unable to load your functions code. (see above)
[debug] [2020-03-02T13:37:40.454Z] [worker-~diagnostic~-1613aaff-4631-4a99-a861-4d5c32ce9593]: exited
[debug] [2020-03-02T13:37:40.455Z] [worker-~diagnostic~-1613aaff-4631-4a99-a861-4d5c32ce9593]: FINISHED
[debug] [2020-03-02T13:39:43.138Z] File /home/magr0s/dev/manychat-tools/functions/src/config/index.js changed, reloading triggers
[debug] [2020-03-02T13:39:44.139Z] [worker-pool] Cleaned up workers for ~diagnostic~: 2 --> 0
[debug] [2020-03-02T13:39:44.139Z] [worker-pool] Cleaned up workers for api: 1 --> 0
[debug] [2020-03-02T13:39:44.147Z] [worker-pool] addWorker(~diagnostic~)
[debug] [2020-03-02T13:39:44.147Z] [worker-pool] Adding worker with key ~diagnostic~, total=1
[debug] [2020-03-02T13:39:44.147Z] [worker-pool] submitWork(triggerId=)
[debug] [2020-03-02T13:39:44.148Z] [worker-~diagnostic~-eded5774-f244-48b7-a0ae-fdf4e1ca7578]: Assigning socketPath: /tmp/fire_emu_4083.sock
[debug] [2020-03-02T13:39:44.148Z] [worker-~diagnostic~-eded5774-f244-48b7-a0ae-fdf4e1ca7578]: BUSY
[debug] [2020-03-02T13:39:44.443Z] [runtime-status] [4083] Functions runtime initialized. {"cwd":"/home/magr0s/dev/manychat-tools/functions","node_version":"12.16.1"}
[debug] [2020-03-02T13:39:44.446Z] [runtime-status] [4083] Disabled runtime features: undefined
[debug] [2020-03-02T13:39:44.448Z] [runtime-status] [4083] Resolved module firebase-admin {"declared":true,"installed":true,"version":"8.9.2","resolution":"/home/magr0s/dev/manychat-tools/functions/node_modules/firebase-admin/lib/index.js"}
[debug] [2020-03-02T13:39:44.450Z] [runtime-status] [4083] Resolved module firebase-functions {"declared":true,"installed":true,"version":"3.3.0","resolution":"/home/magr0s/dev/manychat-tools/functions/node_modules/firebase-functions/lib/index.js"}
[debug] [2020-03-02T13:39:44.685Z] [runtime-status] [4083] Found google-gax at /home/magr0s/dev/manychat-tools/functions/node_modules/google-gax/build/src/index.js
[debug] [2020-03-02T13:39:44.685Z] [runtime-status] [4083] Outgoing network have been stubbed. [{"name":"http","status":"mocked"},{"name":"http","status":"mocked"},{"name":"https","status":"mocked"},{"name":"https","status":"mocked"},{"name":"net","status":"mocked"},{"name":"google-gax","status":"mocked"}]
[debug] [2020-03-02T13:39:44.728Z] [runtime-status] [4083] Checked functions.config() {"config":{}}
[debug] [2020-03-02T13:39:44.729Z] [runtime-status] [4083] Resolved module firebase-functions {"declared":true,"installed":true,"version":"3.3.0","resolution":"/home/magr0s/dev/manychat-tools/functions/node_modules/firebase-functions/lib/index.js"}
[debug] [2020-03-02T13:39:44.730Z] [runtime-status] [4083] Resolved module firebase-admin {"declared":true,"installed":true,"version":"8.9.2","resolution":"/home/magr0s/dev/manychat-tools/functions/node_modules/firebase-admin/lib/index.js"}
[debug] [2020-03-02T13:39:44.730Z] [runtime-status] [4083] Resolved module firebase-functions {"declared":true,"installed":true,"version":"3.3.0","resolution":"/home/magr0s/dev/manychat-tools/functions/node_modules/firebase-functions/lib/index.js"}
[debug] [2020-03-02T13:39:44.762Z] [runtime-status] [4083] firebase-admin has been stubbed. {"adminResolution":{"declared":true,"installed":true,"version":"8.9.2","resolution":"/home/magr0s/dev/manychat-tools/functions/node_modules/firebase-admin/lib/index.js"}}
[debug] [2020-03-02T13:39:45.070Z] [worker-~diagnostic~-eded5774-f244-48b7-a0ae-fdf4e1ca7578]: IDLE
[debug] [2020-03-02T13:47:35.617Z] [work-queue] {"queueLength":1,"workRunningCount":0}
[debug] [2020-03-02T13:47:35.618Z] [work-queue] {"queueLength":0,"workRunningCount":1}
[debug] [2020-03-02T13:47:35.618Z] Accepted request GET /manychattools/us-central1/api/v1/subscriber/get-info --> api
[debug] [2020-03-02T13:47:35.643Z] [worker-pool] addWorker(api)
[debug] [2020-03-02T13:47:35.643Z] [worker-pool] Adding worker with key api, total=1
[debug] [2020-03-02T13:47:35.643Z] [worker-pool] submitWork(triggerId=api)
[debug] [2020-03-02T13:47:35.644Z] [worker-api-941af314-a4e4-4791-852b-ebb57fe4a12e]: Assigning socketPath: /tmp/fire_emu_4295.sock
[debug] [2020-03-02T13:47:35.644Z] [worker-api-941af314-a4e4-4791-852b-ebb57fe4a12e]: BUSY
[debug] [2020-03-02T13:47:35.956Z] [runtime-status] [4295] Functions runtime initialized. {"cwd":"/home/magr0s/dev/manychat-tools/functions","node_version":"12.16.1"}
[debug] [2020-03-02T13:47:35.959Z] [runtime-status] [4295] Disabled runtime features: undefined
[debug] [2020-03-02T13:47:35.961Z] [runtime-status] [4295] Resolved module firebase-admin {"declared":true,"installed":true,"version":"8.9.2","resolution":"/home/magr0s/dev/manychat-tools/functions/node_modules/firebase-admin/lib/index.js"}
[debug] [2020-03-02T13:47:35.963Z] [runtime-status] [4295] Resolved module firebase-functions {"declared":true,"installed":true,"version":"3.3.0","resolution":"/home/magr0s/dev/manychat-tools/functions/node_modules/firebase-functions/lib/index.js"}
[debug] [2020-03-02T13:47:36.147Z] [runtime-status] [4295] Found google-gax at /home/magr0s/dev/manychat-tools/functions/node_modules/google-gax/build/src/index.js
[debug] [2020-03-02T13:47:36.147Z] [runtime-status] [4295] Outgoing network have been stubbed. [{"name":"http","status":"mocked"},{"name":"http","status":"mocked"},{"name":"https","status":"mocked"},{"name":"https","status":"mocked"},{"name":"net","status":"mocked"},{"name":"google-gax","status":"mocked"}]
[debug] [2020-03-02T13:47:36.194Z] [runtime-status] [4295] Checked functions.config() {"config":{}}
[debug] [2020-03-02T13:47:36.195Z] [runtime-status] [4295] Resolved module firebase-functions {"declared":true,"installed":true,"version":"3.3.0","resolution":"/home/magr0s/dev/manychat-tools/functions/node_modules/firebase-functions/lib/index.js"}
[debug] [2020-03-02T13:47:36.196Z] [runtime-status] [4295] Resolved module firebase-admin {"declared":true,"installed":true,"version":"8.9.2","resolution":"/home/magr0s/dev/manychat-tools/functions/node_modules/firebase-admin/lib/index.js"}
[debug] [2020-03-02T13:47:36.197Z] [runtime-status] [4295] Resolved module firebase-functions {"declared":true,"installed":true,"version":"3.3.0","resolution":"/home/magr0s/dev/manychat-tools/functions/node_modules/firebase-functions/lib/index.js"}
[debug] [2020-03-02T13:47:36.229Z] [runtime-status] [4295] firebase-admin has been stubbed. {"adminResolution":{"declared":true,"installed":true,"version":"8.9.2","resolution":"/home/magr0s/dev/manychat-tools/functions/node_modules/firebase-admin/lib/index.js"}}
[debug] [2020-03-02T13:47:36.472Z] [runtime-status] [4295] Trigger "api" has been found, beginning invocation!
[info] i  functions: Beginning execution of "api"
[debug] [2020-03-02T13:47:36.472Z] [runtime-status] [4295] triggerDefinition {"httpsTrigger":{},"name":"api","entryPoint":"api"}
[debug] [2020-03-02T13:47:36.473Z] [runtime-status] [4295] Running api in mode HTTPS
[debug] [2020-03-02T13:47:36.478Z] [runtime-status] [4295] Attempting to listen to socketPath: /tmp/fire_emu_4295.sock
[debug] [2020-03-02T13:47:36.483Z] [functions] Runtime ready! Sending request!
[debug] [2020-03-02T13:47:36.497Z] [runtime-status] [4295] Ephemeral server handling GET request
[debug] [2020-03-02T13:47:36.508Z] [runtime-status] [4295] Ephemeral server survived.
[info] i  functions: Finished "api" in ~1s
[debug] [2020-03-02T13:47:36.510Z] [worker-api-941af314-a4e4-4791-852b-ebb57fe4a12e]: IDLE
[debug] [2020-03-02T13:47:36.510Z] [work-queue] {"queueLength":0,"workRunningCount":0}
[debug] [2020-03-02T13:57:36.853Z] [work-queue] {"queueLength":1,"workRunningCount":0}
[debug] [2020-03-02T13:57:36.853Z] [work-queue] {"queueLength":0,"workRunningCount":1}
[debug] [2020-03-02T13:57:36.853Z] Accepted request GET /manychattools/us-central1/api/v1/subscriber/get-info/2622148111228263 --> api
[debug] [2020-03-02T13:57:36.854Z] [worker-pool] submitWork(triggerId=api)
[debug] [2020-03-02T13:57:36.854Z] [worker-api-941af314-a4e4-4791-852b-ebb57fe4a12e]: Assigning socketPath: /tmp/fire_emu_4295.sock
[debug] [2020-03-02T13:57:36.854Z] [worker-api-941af314-a4e4-4791-852b-ebb57fe4a12e]: BUSY
[debug] [2020-03-02T13:57:36.855Z] [runtime-status] [4295] Trigger "api" has been found, beginning invocation!
[info] i  functions: Beginning execution of "api"
[debug] [2020-03-02T13:57:36.858Z] [runtime-status] [4295] triggerDefinition {"httpsTrigger":{},"name":"api","entryPoint":"api"}
[debug] [2020-03-02T13:57:36.858Z] [runtime-status] [4295] Running api in mode HTTPS
[debug] [2020-03-02T13:57:36.858Z] [runtime-status] [4295] Attempting to listen to socketPath: /tmp/fire_emu_4295.sock
[debug] [2020-03-02T13:57:36.859Z] [functions] Runtime ready! Sending request!
[debug] [2020-03-02T13:57:36.862Z] [runtime-status] [4295] Ephemeral server handling GET request
[debug] [2020-03-02T13:57:36.874Z] [runtime-status] [4295] Ephemeral server survived.
[warn] ⚠  External network resource requested!
   - URL: "https://api.manychat.com/fb/subscriber/getInfo?subscriber_id=2622148111228263"
 - Be careful, this may be a production service.
[info] i  functions: Finished "api" in ~1s
[debug] [2020-03-02T13:57:37.441Z] [worker-api-941af314-a4e4-4791-852b-ebb57fe4a12e]: IDLE
[debug] [2020-03-02T13:57:37.441Z] [work-queue] {"queueLength":0,"workRunningCount":0}
[debug] [2020-03-02T13:58:49.624Z] File /home/magr0s/dev/manychat-tools/functions/src/api/v1/subscriber/controller.js changed, reloading triggers
[debug] [2020-03-02T13:58:50.624Z] [worker-pool] Shutting down IDLE worker (~diagnostic~)
[debug] [2020-03-02T13:58:50.624Z] [worker-~diagnostic~-eded5774-f244-48b7-a0ae-fdf4e1ca7578]: FINISHING
[debug] [2020-03-02T13:58:50.624Z] [worker-pool] Shutting down IDLE worker (api)
[debug] [2020-03-02T13:58:50.625Z] [worker-api-941af314-a4e4-4791-852b-ebb57fe4a12e]: FINISHING
[debug] [2020-03-02T13:58:50.633Z] [worker-pool] addWorker(~diagnostic~)
[debug] [2020-03-02T13:58:50.633Z] [worker-pool] Adding worker with key ~diagnostic~, total=2
[debug] [2020-03-02T13:58:50.633Z] [worker-pool] submitWork(triggerId=)
[debug] [2020-03-02T13:58:50.633Z] [worker-~diagnostic~-f2312842-1c48-4aea-870d-063e121fbdcf]: Assigning socketPath: /tmp/fire_emu_5040.sock
[debug] [2020-03-02T13:58:50.633Z] [worker-~diagnostic~-f2312842-1c48-4aea-870d-063e121fbdcf]: BUSY
[debug] [2020-03-02T13:58:50.636Z] [worker-~diagnostic~-eded5774-f244-48b7-a0ae-fdf4e1ca7578]: exited
[debug] [2020-03-02T13:58:50.636Z] [worker-~diagnostic~-eded5774-f244-48b7-a0ae-fdf4e1ca7578]: FINISHED
[debug] [2020-03-02T13:58:50.636Z] [worker-api-941af314-a4e4-4791-852b-ebb57fe4a12e]: exited
[debug] [2020-03-02T13:58:50.636Z] [worker-api-941af314-a4e4-4791-852b-ebb57fe4a12e]: FINISHED
[debug] [2020-03-02T13:58:50.999Z] [runtime-status] [5040] Functions runtime initialized. {"cwd":"/home/magr0s/dev/manychat-tools/functions","node_version":"12.16.1"}
[debug] [2020-03-02T13:58:51.003Z] [runtime-status] [5040] Disabled runtime features: undefined
[debug] [2020-03-02T13:58:51.006Z] [runtime-status] [5040] Resolved module firebase-admin {"declared":true,"installed":true,"version":"8.9.2","resolution":"/home/magr0s/dev/manychat-tools/functions/node_modules/firebase-admin/lib/index.js"}
[debug] [2020-03-02T13:58:51.008Z] [runtime-status] [5040] Resolved module firebase-functions {"declared":true,"installed":true,"version":"3.3.0","resolution":"/home/magr0s/dev/manychat-tools/functions/node_modules/firebase-functions/lib/index.js"}
[debug] [2020-03-02T13:58:51.249Z] [runtime-status] [5040] Found google-gax at /home/magr0s/dev/manychat-tools/functions/node_modules/google-gax/build/src/index.js
[debug] [2020-03-02T13:58:51.250Z] [runtime-status] [5040] Outgoing network have been stubbed. [{"name":"http","status":"mocked"},{"name":"http","status":"mocked"},{"name":"https","status":"mocked"},{"name":"https","status":"mocked"},{"name":"net","status":"mocked"},{"name":"google-gax","status":"mocked"}]
[debug] [2020-03-02T13:58:51.307Z] [runtime-status] [5040] Checked functions.config() {"config":{}}
[debug] [2020-03-02T13:58:51.309Z] [runtime-status] [5040] Resolved module firebase-functions {"declared":true,"installed":true,"version":"3.3.0","resolution":"/home/magr0s/dev/manychat-tools/functions/node_modules/firebase-functions/lib/index.js"}
[debug] [2020-03-02T13:58:51.310Z] [runtime-status] [5040] Resolved module firebase-admin {"declared":true,"installed":true,"version":"8.9.2","resolution":"/home/magr0s/dev/manychat-tools/functions/node_modules/firebase-admin/lib/index.js"}
[debug] [2020-03-02T13:58:51.311Z] [runtime-status] [5040] Resolved module firebase-functions {"declared":true,"installed":true,"version":"3.3.0","resolution":"/home/magr0s/dev/manychat-tools/functions/node_modules/firebase-functions/lib/index.js"}
[debug] [2020-03-02T13:58:51.353Z] [runtime-status] [5040] firebase-admin has been stubbed. {"adminResolution":{"declared":true,"installed":true,"version":"8.9.2","resolution":"/home/magr0s/dev/manychat-tools/functions/node_modules/firebase-admin/lib/index.js"}}
[debug] [2020-03-02T13:58:51.652Z] [worker-~diagnostic~-f2312842-1c48-4aea-870d-063e121fbdcf]: IDLE
[debug] [2020-03-02T13:58:54.253Z] [work-queue] {"queueLength":1,"workRunningCount":0}
[debug] [2020-03-02T13:58:54.253Z] [work-queue] {"queueLength":0,"workRunningCount":1}
[debug] [2020-03-02T13:58:54.253Z] Accepted request GET /manychattools/us-central1/api/v1/subscriber/get-info/2622148111228263 --> api
[debug] [2020-03-02T13:58:54.253Z] [worker-pool] Cleaned up workers for ~diagnostic~: 2 --> 1
[debug] [2020-03-02T13:58:54.253Z] [worker-pool] Cleaned up workers for api: 1 --> 0
[debug] [2020-03-02T13:58:54.259Z] [worker-pool] addWorker(api)
[debug] [2020-03-02T13:58:54.259Z] [worker-pool] Adding worker with key api, total=1
[debug] [2020-03-02T13:58:54.259Z] [worker-pool] submitWork(triggerId=api)
[debug] [2020-03-02T13:58:54.259Z] [worker-api-57884f4d-fc9f-41c0-8421-ae6d0df6d592]: Assigning socketPath: /tmp/fire_emu_5055.sock
[debug] [2020-03-02T13:58:54.259Z] [worker-api-57884f4d-fc9f-41c0-8421-ae6d0df6d592]: BUSY
[debug] [2020-03-02T13:58:54.611Z] [runtime-status] [5055] Functions runtime initialized. {"cwd":"/home/magr0s/dev/manychat-tools/functions","node_version":"12.16.1"}
[debug] [2020-03-02T13:58:54.614Z] [runtime-status] [5055] Disabled runtime features: undefined
[debug] [2020-03-02T13:58:54.617Z] [runtime-status] [5055] Resolved module firebase-admin {"declared":true,"installed":true,"version":"8.9.2","resolution":"/home/magr0s/dev/manychat-tools/functions/node_modules/firebase-admin/lib/index.js"}
[debug] [2020-03-02T13:58:54.619Z] [runtime-status] [5055] Resolved module firebase-functions {"declared":true,"installed":true,"version":"3.3.0","resolution":"/home/magr0s/dev/manychat-tools/functions/node_modules/firebase-functions/lib/index.js"}
[debug] [2020-03-02T13:58:54.858Z] [runtime-status] [5055] Found google-gax at /home/magr0s/dev/manychat-tools/functions/node_modules/google-gax/build/src/index.js
[debug] [2020-03-02T13:58:54.859Z] [runtime-status] [5055] Outgoing network have been stubbed. [{"name":"http","status":"mocked"},{"name":"http","status":"mocked"},{"name":"https","status":"mocked"},{"name":"https","status":"mocked"},{"name":"net","status":"mocked"},{"name":"google-gax","status":"mocked"}]
[debug] [2020-03-02T13:58:54.918Z] [runtime-status] [5055] Checked functions.config() {"config":{}}
[debug] [2020-03-02T13:58:54.919Z] [runtime-status] [5055] Resolved module firebase-functions {"declared":true,"installed":true,"version":"3.3.0","resolution":"/home/magr0s/dev/manychat-tools/functions/node_modules/firebase-functions/lib/index.js"}
[debug] [2020-03-02T13:58:54.921Z] [runtime-status] [5055] Resolved module firebase-admin {"declared":true,"installed":true,"version":"8.9.2","resolution":"/home/magr0s/dev/manychat-tools/functions/node_modules/firebase-admin/lib/index.js"}
[debug] [2020-03-02T13:58:54.922Z] [runtime-status] [5055] Resolved module firebase-functions {"declared":true,"installed":true,"version":"3.3.0","resolution":"/home/magr0s/dev/manychat-tools/functions/node_modules/firebase-functions/lib/index.js"}
[debug] [2020-03-02T13:58:54.962Z] [runtime-status] [5055] firebase-admin has been stubbed. {"adminResolution":{"declared":true,"installed":true,"version":"8.9.2","resolution":"/home/magr0s/dev/manychat-tools/functions/node_modules/firebase-admin/lib/index.js"}}
[debug] [2020-03-02T13:58:55.278Z] [runtime-status] [5055] Trigger "api" has been found, beginning invocation!
[info] i  functions: Beginning execution of "api"
[debug] [2020-03-02T13:58:55.279Z] [runtime-status] [5055] triggerDefinition {"httpsTrigger":{},"name":"api","entryPoint":"api"}
[debug] [2020-03-02T13:58:55.279Z] [runtime-status] [5055] Running api in mode HTTPS
[debug] [2020-03-02T13:58:55.285Z] [runtime-status] [5055] Attempting to listen to socketPath: /tmp/fire_emu_5055.sock
[debug] [2020-03-02T13:58:55.290Z] [functions] Runtime ready! Sending request!
[debug] [2020-03-02T13:58:55.299Z] [runtime-status] [5055] Ephemeral server handling GET request
[debug] [2020-03-02T13:58:55.314Z] [runtime-status] [5055] Ephemeral server survived.
[warn] ⚠  External network resource requested!
   - URL: "https://api.manychat.com/fb/subscriber/getInfo?subscriber_id=2622148111228263"
 - Be careful, this may be a production service.
[info] >  Aleksandr Krokhmalnyi
[info] i  functions: Finished "api" in ~1s
[debug] [2020-03-02T13:58:55.682Z] [worker-api-57884f4d-fc9f-41c0-8421-ae6d0df6d592]: IDLE
[debug] [2020-03-02T13:58:55.682Z] [work-queue] {"queueLength":0,"workRunningCount":0}
[debug] [2020-03-02T13:59:24.569Z] File /home/magr0s/dev/manychat-tools/functions/src/api/v1/subscriber/controller.js changed, reloading triggers
[debug] [2020-03-02T13:59:25.570Z] [worker-pool] Shutting down IDLE worker (~diagnostic~)
[debug] [2020-03-02T13:59:25.570Z] [worker-~diagnostic~-f2312842-1c48-4aea-870d-063e121fbdcf]: FINISHING
[debug] [2020-03-02T13:59:25.570Z] [worker-pool] Shutting down IDLE worker (api)
[debug] [2020-03-02T13:59:25.571Z] [worker-api-57884f4d-fc9f-41c0-8421-ae6d0df6d592]: FINISHING
[debug] [2020-03-02T13:59:25.578Z] [worker-pool] addWorker(~diagnostic~)
[debug] [2020-03-02T13:59:25.578Z] [worker-pool] Adding worker with key ~diagnostic~, total=2
[debug] [2020-03-02T13:59:25.578Z] [worker-pool] submitWork(triggerId=)
[debug] [2020-03-02T13:59:25.578Z] [worker-~diagnostic~-958179b1-d89c-4e1f-9c61-dc2ac1e67293]: Assigning socketPath: /tmp/fire_emu_5085.sock
[debug] [2020-03-02T13:59:25.578Z] [worker-~diagnostic~-958179b1-d89c-4e1f-9c61-dc2ac1e67293]: BUSY
[debug] [2020-03-02T13:59:25.580Z] [worker-~diagnostic~-f2312842-1c48-4aea-870d-063e121fbdcf]: exited
[debug] [2020-03-02T13:59:25.580Z] [worker-~diagnostic~-f2312842-1c48-4aea-870d-063e121fbdcf]: FINISHED
[debug] [2020-03-02T13:59:25.580Z] [worker-api-57884f4d-fc9f-41c0-8421-ae6d0df6d592]: exited
[debug] [2020-03-02T13:59:25.580Z] [worker-api-57884f4d-fc9f-41c0-8421-ae6d0df6d592]: FINISHED
[debug] [2020-03-02T13:59:25.890Z] [runtime-status] [5085] Functions runtime initialized. {"cwd":"/home/magr0s/dev/manychat-tools/functions","node_version":"12.16.1"}
[debug] [2020-03-02T13:59:25.894Z] [runtime-status] [5085] Disabled runtime features: undefined
[debug] [2020-03-02T13:59:25.897Z] [runtime-status] [5085] Resolved module firebase-admin {"declared":true,"installed":true,"version":"8.9.2","resolution":"/home/magr0s/dev/manychat-tools/functions/node_modules/firebase-admin/lib/index.js"}
[debug] [2020-03-02T13:59:25.899Z] [runtime-status] [5085] Resolved module firebase-functions {"declared":true,"installed":true,"version":"3.3.0","resolution":"/home/magr0s/dev/manychat-tools/functions/node_modules/firebase-functions/lib/index.js"}
[debug] [2020-03-02T13:59:26.110Z] [runtime-status] [5085] Found google-gax at /home/magr0s/dev/manychat-tools/functions/node_modules/google-gax/build/src/index.js
[debug] [2020-03-02T13:59:26.112Z] [runtime-status] [5085] Outgoing network have been stubbed. [{"name":"http","status":"mocked"},{"name":"http","status":"mocked"},{"name":"https","status":"mocked"},{"name":"https","status":"mocked"},{"name":"net","status":"mocked"},{"name":"google-gax","status":"mocked"}]
[debug] [2020-03-02T13:59:26.175Z] [runtime-status] [5085] Checked functions.config() {"config":{}}
[debug] [2020-03-02T13:59:26.175Z] [runtime-status] [5085] Resolved module firebase-functions {"declared":true,"installed":true,"version":"3.3.0","resolution":"/home/magr0s/dev/manychat-tools/functions/node_modules/firebase-functions/lib/index.js"}
[debug] [2020-03-02T13:59:26.177Z] [runtime-status] [5085] Resolved module firebase-admin {"declared":true,"installed":true,"version":"8.9.2","resolution":"/home/magr0s/dev/manychat-tools/functions/node_modules/firebase-admin/lib/index.js"}
[debug] [2020-03-02T13:59:26.177Z] [runtime-status] [5085] Resolved module firebase-functions {"declared":true,"installed":true,"version":"3.3.0","resolution":"/home/magr0s/dev/manychat-tools/functions/node_modules/firebase-functions/lib/index.js"}
[debug] [2020-03-02T13:59:26.212Z] [runtime-status] [5085] firebase-admin has been stubbed. {"adminResolution":{"declared":true,"installed":true,"version":"8.9.2","resolution":"/home/magr0s/dev/manychat-tools/functions/node_modules/firebase-admin/lib/index.js"}}
[debug] [2020-03-02T13:59:26.493Z] [worker-~diagnostic~-958179b1-d89c-4e1f-9c61-dc2ac1e67293]: IDLE
[debug] [2020-03-02T13:59:27.661Z] [work-queue] {"queueLength":1,"workRunningCount":0}
[debug] [2020-03-02T13:59:27.661Z] [work-queue] {"queueLength":0,"workRunningCount":1}
[debug] [2020-03-02T13:59:27.662Z] Accepted request GET /manychattools/us-central1/api/v1/subscriber/get-info/2622148111228263 --> api
[debug] [2020-03-02T13:59:27.662Z] [worker-pool] Cleaned up workers for ~diagnostic~: 2 --> 1
[debug] [2020-03-02T13:59:27.662Z] [worker-pool] Cleaned up workers for api: 1 --> 0
[debug] [2020-03-02T13:59:27.669Z] [worker-pool] addWorker(api)
[debug] [2020-03-02T13:59:27.670Z] [worker-pool] Adding worker with key api, total=1
[debug] [2020-03-02T13:59:27.670Z] [worker-pool] submitWork(triggerId=api)
[debug] [2020-03-02T13:59:27.670Z] [worker-api-404a8de5-a7a8-4ac4-9f68-7ac194a20537]: Assigning socketPath: /tmp/fire_emu_5092.sock
[debug] [2020-03-02T13:59:27.670Z] [worker-api-404a8de5-a7a8-4ac4-9f68-7ac194a20537]: BUSY
[debug] [2020-03-02T13:59:27.966Z] [runtime-status] [5092] Functions runtime initialized. {"cwd":"/home/magr0s/dev/manychat-tools/functions","node_version":"12.16.1"}
[debug] [2020-03-02T13:59:27.969Z] [runtime-status] [5092] Disabled runtime features: undefined
[debug] [2020-03-02T13:59:27.971Z] [runtime-status] [5092] Resolved module firebase-admin {"declared":true,"installed":true,"version":"8.9.2","resolution":"/home/magr0s/dev/manychat-tools/functions/node_modules/firebase-admin/lib/index.js"}
[debug] [2020-03-02T13:59:27.972Z] [runtime-status] [5092] Resolved module firebase-functions {"declared":true,"installed":true,"version":"3.3.0","resolution":"/home/magr0s/dev/manychat-tools/functions/node_modules/firebase-functions/lib/index.js"}
[debug] [2020-03-02T13:59:28.180Z] [runtime-status] [5092] Found google-gax at /home/magr0s/dev/manychat-tools/functions/node_modules/google-gax/build/src/index.js
[debug] [2020-03-02T13:59:28.181Z] [runtime-status] [5092] Outgoing network have been stubbed. [{"name":"http","status":"mocked"},{"name":"http","status":"mocked"},{"name":"https","status":"mocked"},{"name":"https","status":"mocked"},{"name":"net","status":"mocked"},{"name":"google-gax","status":"mocked"}]
[debug] [2020-03-02T13:59:28.234Z] [runtime-status] [5092] Checked functions.config() {"config":{}}
[debug] [2020-03-02T13:59:28.235Z] [runtime-status] [5092] Resolved module firebase-functions {"declared":true,"installed":true,"version":"3.3.0","resolution":"/home/magr0s/dev/manychat-tools/functions/node_modules/firebase-functions/lib/index.js"}
[debug] [2020-03-02T13:59:28.236Z] [runtime-status] [5092] Resolved module firebase-admin {"declared":true,"installed":true,"version":"8.9.2","resolution":"/home/magr0s/dev/manychat-tools/functions/node_modules/firebase-admin/lib/index.js"}
[debug] [2020-03-02T13:59:28.237Z] [runtime-status] [5092] Resolved module firebase-functions {"declared":true,"installed":true,"version":"3.3.0","resolution":"/home/magr0s/dev/manychat-tools/functions/node_modules/firebase-functions/lib/index.js"}
[debug] [2020-03-02T13:59:28.273Z] [runtime-status] [5092] firebase-admin has been stubbed. {"adminResolution":{"declared":true,"installed":true,"version":"8.9.2","resolution":"/home/magr0s/dev/manychat-tools/functions/node_modules/firebase-admin/lib/index.js"}}
[debug] [2020-03-02T13:59:28.549Z] [runtime-status] [5092] Trigger "api" has been found, beginning invocation!
[info] i  functions: Beginning execution of "api"
[debug] [2020-03-02T13:59:28.549Z] [runtime-status] [5092] triggerDefinition {"httpsTrigger":{},"name":"api","entryPoint":"api"}
[debug] [2020-03-02T13:59:28.549Z] [runtime-status] [5092] Running api in mode HTTPS
[debug] [2020-03-02T13:59:28.555Z] [runtime-status] [5092] Attempting to listen to socketPath: /tmp/fire_emu_5092.sock
[debug] [2020-03-02T13:59:28.562Z] [functions] Runtime ready! Sending request!
[debug] [2020-03-02T13:59:28.576Z] [runtime-status] [5092] Ephemeral server handling GET request
[debug] [2020-03-02T13:59:28.589Z] [runtime-status] [5092] Ephemeral server survived.
[warn] ⚠  External network resource requested!
   - URL: "https://api.manychat.com/fb/subscriber/getInfo?subscriber_id=2622148111228263"
 - Be careful, this may be a production service.
[info] >  undefined
[info] i  functions: Finished "api" in ~1s
[debug] [2020-03-02T13:59:29.026Z] [worker-api-404a8de5-a7a8-4ac4-9f68-7ac194a20537]: IDLE
[debug] [2020-03-02T13:59:29.026Z] [work-queue] {"queueLength":0,"workRunningCount":0}
[debug] [2020-03-02T14:00:07.449Z] File /home/magr0s/dev/manychat-tools/functions/src/api/v1/subscriber/controller.js changed, reloading triggers
[debug] [2020-03-02T14:00:08.450Z] [worker-pool] Shutting down IDLE worker (~diagnostic~)
[debug] [2020-03-02T14:00:08.450Z] [worker-~diagnostic~-958179b1-d89c-4e1f-9c61-dc2ac1e67293]: FINISHING
[debug] [2020-03-02T14:00:08.450Z] [worker-pool] Shutting down IDLE worker (api)
[debug] [2020-03-02T14:00:08.450Z] [worker-api-404a8de5-a7a8-4ac4-9f68-7ac194a20537]: FINISHING
[debug] [2020-03-02T14:00:08.459Z] [worker-pool] addWorker(~diagnostic~)
[debug] [2020-03-02T14:00:08.459Z] [worker-pool] Adding worker with key ~diagnostic~, total=2
[debug] [2020-03-02T14:00:08.459Z] [worker-pool] submitWork(triggerId=)
[debug] [2020-03-02T14:00:08.459Z] [worker-~diagnostic~-e8439bcc-1a39-4211-bf85-f7b3acacf89d]: Assigning socketPath: /tmp/fire_emu_5149.sock
[debug] [2020-03-02T14:00:08.460Z] [worker-~diagnostic~-e8439bcc-1a39-4211-bf85-f7b3acacf89d]: BUSY
[debug] [2020-03-02T14:00:08.461Z] [worker-~diagnostic~-958179b1-d89c-4e1f-9c61-dc2ac1e67293]: exited
[debug] [2020-03-02T14:00:08.461Z] [worker-~diagnostic~-958179b1-d89c-4e1f-9c61-dc2ac1e67293]: FINISHED
[debug] [2020-03-02T14:00:08.462Z] [worker-api-404a8de5-a7a8-4ac4-9f68-7ac194a20537]: exited
[debug] [2020-03-02T14:00:08.462Z] [worker-api-404a8de5-a7a8-4ac4-9f68-7ac194a20537]: FINISHED
[debug] [2020-03-02T14:00:08.750Z] [runtime-status] [5149] Functions runtime initialized. {"cwd":"/home/magr0s/dev/manychat-tools/functions","node_version":"12.16.1"}
[debug] [2020-03-02T14:00:08.753Z] [runtime-status] [5149] Disabled runtime features: undefined
[debug] [2020-03-02T14:00:08.755Z] [runtime-status] [5149] Resolved module firebase-admin {"declared":true,"installed":true,"version":"8.9.2","resolution":"/home/magr0s/dev/manychat-tools/functions/node_modules/firebase-admin/lib/index.js"}
[debug] [2020-03-02T14:00:08.756Z] [runtime-status] [5149] Resolved module firebase-functions {"declared":true,"installed":true,"version":"3.3.0","resolution":"/home/magr0s/dev/manychat-tools/functions/node_modules/firebase-functions/lib/index.js"}
[debug] [2020-03-02T14:00:08.923Z] [runtime-status] [5149] Found google-gax at /home/magr0s/dev/manychat-tools/functions/node_modules/google-gax/build/src/index.js
[debug] [2020-03-02T14:00:08.923Z] [runtime-status] [5149] Outgoing network have been stubbed. [{"name":"http","status":"mocked"},{"name":"http","status":"mocked"},{"name":"https","status":"mocked"},{"name":"https","status":"mocked"},{"name":"net","status":"mocked"},{"name":"google-gax","status":"mocked"}]
[debug] [2020-03-02T14:00:08.968Z] [runtime-status] [5149] Checked functions.config() {"config":{}}
[debug] [2020-03-02T14:00:08.969Z] [runtime-status] [5149] Resolved module firebase-functions {"declared":true,"installed":true,"version":"3.3.0","resolution":"/home/magr0s/dev/manychat-tools/functions/node_modules/firebase-functions/lib/index.js"}
[debug] [2020-03-02T14:00:08.971Z] [runtime-status] [5149] Resolved module firebase-admin {"declared":true,"installed":true,"version":"8.9.2","resolution":"/home/magr0s/dev/manychat-tools/functions/node_modules/firebase-admin/lib/index.js"}
[debug] [2020-03-02T14:00:08.971Z] [runtime-status] [5149] Resolved module firebase-functions {"declared":true,"installed":true,"version":"3.3.0","resolution":"/home/magr0s/dev/manychat-tools/functions/node_modules/firebase-functions/lib/index.js"}
[debug] [2020-03-02T14:00:09.003Z] [runtime-status] [5149] firebase-admin has been stubbed. {"adminResolution":{"declared":true,"installed":true,"version":"8.9.2","resolution":"/home/magr0s/dev/manychat-tools/functions/node_modules/firebase-admin/lib/index.js"}}
[debug] [2020-03-02T14:00:09.234Z] [worker-~diagnostic~-e8439bcc-1a39-4211-bf85-f7b3acacf89d]: IDLE
[debug] [2020-03-02T14:00:12.421Z] [work-queue] {"queueLength":1,"workRunningCount":0}
[debug] [2020-03-02T14:00:12.421Z] [work-queue] {"queueLength":0,"workRunningCount":1}
[debug] [2020-03-02T14:00:12.423Z] Accepted request GET /manychattools/us-central1/api/v1/subscriber/get-info/2622148111228263 --> api
[debug] [2020-03-02T14:00:12.423Z] [worker-pool] Cleaned up workers for ~diagnostic~: 2 --> 1
[debug] [2020-03-02T14:00:12.424Z] [worker-pool] Cleaned up workers for api: 1 --> 0
[debug] [2020-03-02T14:00:12.430Z] [worker-pool] addWorker(api)
[debug] [2020-03-02T14:00:12.430Z] [worker-pool] Adding worker with key api, total=1
[debug] [2020-03-02T14:00:12.430Z] [worker-pool] submitWork(triggerId=api)
[debug] [2020-03-02T14:00:12.431Z] [worker-api-ab5aebc7-658d-43e5-b4b8-ddd03d40442e]: Assigning socketPath: /tmp/fire_emu_5165.sock
[debug] [2020-03-02T14:00:12.431Z] [worker-api-ab5aebc7-658d-43e5-b4b8-ddd03d40442e]: BUSY
[debug] [2020-03-02T14:00:12.753Z] [runtime-status] [5165] Functions runtime initialized. {"cwd":"/home/magr0s/dev/manychat-tools/functions","node_version":"12.16.1"}
[debug] [2020-03-02T14:00:12.755Z] [runtime-status] [5165] Disabled runtime features: undefined
[debug] [2020-03-02T14:00:12.758Z] [runtime-status] [5165] Resolved module firebase-admin {"declared":true,"installed":true,"version":"8.9.2","resolution":"/home/magr0s/dev/manychat-tools/functions/node_modules/firebase-admin/lib/index.js"}
[debug] [2020-03-02T14:00:12.759Z] [runtime-status] [5165] Resolved module firebase-functions {"declared":true,"installed":true,"version":"3.3.0","resolution":"/home/magr0s/dev/manychat-tools/functions/node_modules/firebase-functions/lib/index.js"}
[debug] [2020-03-02T14:00:12.948Z] [runtime-status] [5165] Found google-gax at /home/magr0s/dev/manychat-tools/functions/node_modules/google-gax/build/src/index.js
[debug] [2020-03-02T14:00:12.949Z] [runtime-status] [5165] Outgoing network have been stubbed. [{"name":"http","status":"mocked"},{"name":"http","status":"mocked"},{"name":"https","status":"mocked"},{"name":"https","status":"mocked"},{"name":"net","status":"mocked"},{"name":"google-gax","status":"mocked"}]
[debug] [2020-03-02T14:00:13.002Z] [runtime-status] [5165] Checked functions.config() {"config":{}}
[debug] [2020-03-02T14:00:13.003Z] [runtime-status] [5165] Resolved module firebase-functions {"declared":true,"installed":true,"version":"3.3.0","resolution":"/home/magr0s/dev/manychat-tools/functions/node_modules/firebase-functions/lib/index.js"}
[debug] [2020-03-02T14:00:13.005Z] [runtime-status] [5165] Resolved module firebase-admin {"declared":true,"installed":true,"version":"8.9.2","resolution":"/home/magr0s/dev/manychat-tools/functions/node_modules/firebase-admin/lib/index.js"}
[debug] [2020-03-02T14:00:13.005Z] [runtime-status] [5165] Resolved module firebase-functions {"declared":true,"installed":true,"version":"3.3.0","resolution":"/home/magr0s/dev/manychat-tools/functions/node_modules/firebase-functions/lib/index.js"}
[debug] [2020-03-02T14:00:13.041Z] [runtime-status] [5165] firebase-admin has been stubbed. {"adminResolution":{"declared":true,"installed":true,"version":"8.9.2","resolution":"/home/magr0s/dev/manychat-tools/functions/node_modules/firebase-admin/lib/index.js"}}
[debug] [2020-03-02T14:00:13.314Z] [runtime-status] [5165] Trigger "api" has been found, beginning invocation!
[info] i  functions: Beginning execution of "api"
[debug] [2020-03-02T14:00:13.315Z] [runtime-status] [5165] triggerDefinition {"httpsTrigger":{},"name":"api","entryPoint":"api"}
[debug] [2020-03-02T14:00:13.315Z] [runtime-status] [5165] Running api in mode HTTPS
[debug] [2020-03-02T14:00:13.319Z] [runtime-status] [5165] Attempting to listen to socketPath: /tmp/fire_emu_5165.sock
[debug] [2020-03-02T14:00:13.323Z] [functions] Runtime ready! Sending request!
[debug] [2020-03-02T14:00:13.334Z] [runtime-status] [5165] Ephemeral server handling GET request
[debug] [2020-03-02T14:00:13.349Z] [runtime-status] [5165] Ephemeral server survived.
[warn] ⚠  External network resource requested!
   - URL: "https://api.manychat.com/fb/subscriber/getInfo?subscriber_id=2622148111228263"
 - Be careful, this may be a production service.
[info] >  ReferenceError: API_VERSION is not defined
[info] >      at getInfo (/home/magr0s/dev/manychat-tools/functions/src/api/v1/subscriber/controller.js:24:16)
[info] i  functions: Finished "api" in ~1s
[debug] [2020-03-02T14:00:13.926Z] [worker-api-ab5aebc7-658d-43e5-b4b8-ddd03d40442e]: IDLE
[debug] [2020-03-02T14:00:13.926Z] [work-queue] {"queueLength":0,"workRunningCount":0}
[debug] [2020-03-02T14:00:21.696Z] File /home/magr0s/dev/manychat-tools/functions/src/api/v1/subscriber/controller.js changed, reloading triggers
[debug] [2020-03-02T14:00:22.697Z] [worker-pool] Shutting down IDLE worker (~diagnostic~)
[debug] [2020-03-02T14:00:22.698Z] [worker-~diagnostic~-e8439bcc-1a39-4211-bf85-f7b3acacf89d]: FINISHING
[debug] [2020-03-02T14:00:22.698Z] [worker-pool] Shutting down IDLE worker (api)
[debug] [2020-03-02T14:00:22.698Z] [worker-api-ab5aebc7-658d-43e5-b4b8-ddd03d40442e]: FINISHING
[debug] [2020-03-02T14:00:22.707Z] [worker-pool] addWorker(~diagnostic~)
[debug] [2020-03-02T14:00:22.707Z] [worker-pool] Adding worker with key ~diagnostic~, total=2
[debug] [2020-03-02T14:00:22.707Z] [worker-pool] submitWork(triggerId=)
[debug] [2020-03-02T14:00:22.708Z] [worker-~diagnostic~-7ecd7d90-3f84-4022-9226-1642491435b7]: Assigning socketPath: /tmp/fire_emu_5187.sock
[debug] [2020-03-02T14:00:22.708Z] [worker-~diagnostic~-7ecd7d90-3f84-4022-9226-1642491435b7]: BUSY
[debug] [2020-03-02T14:00:22.710Z] [worker-~diagnostic~-e8439bcc-1a39-4211-bf85-f7b3acacf89d]: exited
[debug] [2020-03-02T14:00:22.710Z] [worker-~diagnostic~-e8439bcc-1a39-4211-bf85-f7b3acacf89d]: FINISHED
[debug] [2020-03-02T14:00:22.711Z] [worker-api-ab5aebc7-658d-43e5-b4b8-ddd03d40442e]: exited
[debug] [2020-03-02T14:00:22.711Z] [worker-api-ab5aebc7-658d-43e5-b4b8-ddd03d40442e]: FINISHED
[debug] [2020-03-02T14:00:23.008Z] [runtime-status] [5187] Functions runtime initialized. {"cwd":"/home/magr0s/dev/manychat-tools/functions","node_version":"12.16.1"}
[debug] [2020-03-02T14:00:23.011Z] [runtime-status] [5187] Disabled runtime features: undefined
[debug] [2020-03-02T14:00:23.013Z] [runtime-status] [5187] Resolved module firebase-admin {"declared":true,"installed":true,"version":"8.9.2","resolution":"/home/magr0s/dev/manychat-tools/functions/node_modules/firebase-admin/lib/index.js"}
[debug] [2020-03-02T14:00:23.014Z] [runtime-status] [5187] Resolved module firebase-functions {"declared":true,"installed":true,"version":"3.3.0","resolution":"/home/magr0s/dev/manychat-tools/functions/node_modules/firebase-functions/lib/index.js"}
[debug] [2020-03-02T14:00:23.212Z] [runtime-status] [5187] Found google-gax at /home/magr0s/dev/manychat-tools/functions/node_modules/google-gax/build/src/index.js
[debug] [2020-03-02T14:00:23.212Z] [runtime-status] [5187] Outgoing network have been stubbed. [{"name":"http","status":"mocked"},{"name":"http","status":"mocked"},{"name":"https","status":"mocked"},{"name":"https","status":"mocked"},{"name":"net","status":"mocked"},{"name":"google-gax","status":"mocked"}]
[debug] [2020-03-02T14:00:23.262Z] [runtime-status] [5187] Checked functions.config() {"config":{}}
[debug] [2020-03-02T14:00:23.263Z] [runtime-status] [5187] Resolved module firebase-functions {"declared":true,"installed":true,"version":"3.3.0","resolution":"/home/magr0s/dev/manychat-tools/functions/node_modules/firebase-functions/lib/index.js"}
[debug] [2020-03-02T14:00:23.265Z] [runtime-status] [5187] Resolved module firebase-admin {"declared":true,"installed":true,"version":"8.9.2","resolution":"/home/magr0s/dev/manychat-tools/functions/node_modules/firebase-admin/lib/index.js"}
[debug] [2020-03-02T14:00:23.265Z] [runtime-status] [5187] Resolved module firebase-functions {"declared":true,"installed":true,"version":"3.3.0","resolution":"/home/magr0s/dev/manychat-tools/functions/node_modules/firebase-functions/lib/index.js"}
[debug] [2020-03-02T14:00:23.297Z] [runtime-status] [5187] firebase-admin has been stubbed. {"adminResolution":{"declared":true,"installed":true,"version":"8.9.2","resolution":"/home/magr0s/dev/manychat-tools/functions/node_modules/firebase-admin/lib/index.js"}}
[debug] [2020-03-02T14:00:23.545Z] [worker-~diagnostic~-7ecd7d90-3f84-4022-9226-1642491435b7]: IDLE
[debug] [2020-03-02T14:00:24.840Z] [work-queue] {"queueLength":1,"workRunningCount":0}
[debug] [2020-03-02T14:00:24.840Z] [work-queue] {"queueLength":0,"workRunningCount":1}
[debug] [2020-03-02T14:00:24.841Z] Accepted request GET /manychattools/us-central1/api/v1/subscriber/get-info/2622148111228263 --> api
[debug] [2020-03-02T14:00:24.841Z] [worker-pool] Cleaned up workers for ~diagnostic~: 2 --> 1
[debug] [2020-03-02T14:00:24.841Z] [worker-pool] Cleaned up workers for api: 1 --> 0
[debug] [2020-03-02T14:00:24.851Z] [worker-pool] addWorker(api)
[debug] [2020-03-02T14:00:24.851Z] [worker-pool] Adding worker with key api, total=1
[debug] [2020-03-02T14:00:24.851Z] [worker-pool] submitWork(triggerId=api)
[debug] [2020-03-02T14:00:24.851Z] [worker-api-8de9a4b8-15c0-430b-a356-ec758c7f3613]: Assigning socketPath: /tmp/fire_emu_5196.sock
[debug] [2020-03-02T14:00:24.851Z] [worker-api-8de9a4b8-15c0-430b-a356-ec758c7f3613]: BUSY
[debug] [2020-03-02T14:00:25.248Z] [runtime-status] [5196] Functions runtime initialized. {"cwd":"/home/magr0s/dev/manychat-tools/functions","node_version":"12.16.1"}
[debug] [2020-03-02T14:00:25.250Z] [runtime-status] [5196] Disabled runtime features: undefined
[debug] [2020-03-02T14:00:25.252Z] [runtime-status] [5196] Resolved module firebase-admin {"declared":true,"installed":true,"version":"8.9.2","resolution":"/home/magr0s/dev/manychat-tools/functions/node_modules/firebase-admin/lib/index.js"}
[debug] [2020-03-02T14:00:25.255Z] [runtime-status] [5196] Resolved module firebase-functions {"declared":true,"installed":true,"version":"3.3.0","resolution":"/home/magr0s/dev/manychat-tools/functions/node_modules/firebase-functions/lib/index.js"}
[debug] [2020-03-02T14:00:25.454Z] [runtime-status] [5196] Found google-gax at /home/magr0s/dev/manychat-tools/functions/node_modules/google-gax/build/src/index.js
[debug] [2020-03-02T14:00:25.454Z] [runtime-status] [5196] Outgoing network have been stubbed. [{"name":"http","status":"mocked"},{"name":"http","status":"mocked"},{"name":"https","status":"mocked"},{"name":"https","status":"mocked"},{"name":"net","status":"mocked"},{"name":"google-gax","status":"mocked"}]
[debug] [2020-03-02T14:00:25.510Z] [runtime-status] [5196] Checked functions.config() {"config":{}}
[debug] [2020-03-02T14:00:25.512Z] [runtime-status] [5196] Resolved module firebase-functions {"declared":true,"installed":true,"version":"3.3.0","resolution":"/home/magr0s/dev/manychat-tools/functions/node_modules/firebase-functions/lib/index.js"}
[debug] [2020-03-02T14:00:25.514Z] [runtime-status] [5196] Resolved module firebase-admin {"declared":true,"installed":true,"version":"8.9.2","resolution":"/home/magr0s/dev/manychat-tools/functions/node_modules/firebase-admin/lib/index.js"}
[debug] [2020-03-02T14:00:25.515Z] [runtime-status] [5196] Resolved module firebase-functions {"declared":true,"installed":true,"version":"3.3.0","resolution":"/home/magr0s/dev/manychat-tools/functions/node_modules/firebase-functions/lib/index.js"}
[debug] [2020-03-02T14:00:25.553Z] [runtime-status] [5196] firebase-admin has been stubbed. {"adminResolution":{"declared":true,"installed":true,"version":"8.9.2","resolution":"/home/magr0s/dev/manychat-tools/functions/node_modules/firebase-admin/lib/index.js"}}
[debug] [2020-03-02T14:00:25.954Z] [runtime-status] [5196] Trigger "api" has been found, beginning invocation!
[info] i  functions: Beginning execution of "api"
[debug] [2020-03-02T14:00:25.954Z] [runtime-status] [5196] triggerDefinition {"httpsTrigger":{},"name":"api","entryPoint":"api"}
[debug] [2020-03-02T14:00:25.954Z] [runtime-status] [5196] Running api in mode HTTPS
[debug] [2020-03-02T14:00:25.960Z] [runtime-status] [5196] Attempting to listen to socketPath: /tmp/fire_emu_5196.sock
[debug] [2020-03-02T14:00:25.965Z] [functions] Runtime ready! Sending request!
[debug] [2020-03-02T14:00:25.977Z] [runtime-status] [5196] Ephemeral server handling GET request
[debug] [2020-03-02T14:00:25.994Z] [runtime-status] [5196] Ephemeral server survived.
[warn] ⚠  External network resource requested!
   - URL: "https://api.manychat.com/fb/subscriber/getInfo?subscriber_id=2622148111228263"
 - Be careful, this may be a production service.
[info] i  functions: Finished "api" in ~1s
[debug] [2020-03-02T14:00:26.460Z] [worker-api-8de9a4b8-15c0-430b-a356-ec758c7f3613]: IDLE
[debug] [2020-03-02T14:00:26.460Z] [work-queue] {"queueLength":0,"workRunningCount":0}
